<?xml version="1.0" encoding="UTF-8"?>
<testng-results ignored="0" total="1" passed="1" failed="0" skipped="0">
  <reporter-output>
  </reporter-output>
  <suite started-at="2025-04-20T11:01:16 ADT" name="Default suite" finished-at="2025-04-20T11:01:16 ADT" duration-ms="641">
    <groups>
      <group name="cucumber">
        <method signature="AbstractTestNGCucumberTests.runScenario(io.cucumber.testng.PickleWrapper, io.cucumber.testng.FeatureWrapper)[pri:0, instance:testRunner.CucumberTestRunnerWithTags@19d37183]" name="runScenario" class="io.cucumber.testng.AbstractTestNGCucumberTests"/>
      </group> <!-- cucumber -->
    </groups>
    <test started-at="2025-04-20T11:01:16 ADT" name="Default test" finished-at="2025-04-20T11:01:16 ADT" duration-ms="641">
      <class name="testRunner.CucumberTestRunnerWithTags">
        <test-method is-config="true" signature="setUpClass(org.testng.ITestContext)[pri:0, instance:testRunner.CucumberTestRunnerWithTags@19d37183]" started-at="2025-04-20T11:01:16 ADT" name="setUpClass" finished-at="2025-04-20T11:01:16 ADT" duration-ms="382" status="PASS">
          <params>
            <param index="0">
              <value>
                <![CDATA[org.testng.TestRunner@49c66ade]]>
              </value>
            </param>
          </params>
          <reporter-output>
          </reporter-output>
        </test-method> <!-- setUpClass -->
        <test-method signature="runScenario(io.cucumber.testng.PickleWrapper, io.cucumber.testng.FeatureWrapper)[pri:0, instance:testRunner.CucumberTestRunnerWithTags@19d37183]" started-at="2025-04-20T11:01:16 ADT" name="runScenario" description="Runs Cucumber Scenarios" data-provider="scenarios" finished-at="2025-04-20T11:01:16 ADT" duration-ms="124" status="PASS">
          <params>
            <param index="0">
              <value>
                <![CDATA["feature 1 & scenario 3"]]>
              </value>
            </param>
            <param index="1">
              <value>
                <![CDATA["Title of your feature 1"]]>
              </value>
            </param>
          </params>
          <reporter-output>
          </reporter-output>
        </test-method> <!-- runScenario -->
        <test-method is-config="true" signature="tearDownClass()[pri:0, instance:testRunner.CucumberTestRunnerWithTags@19d37183]" started-at="2025-04-20T11:01:16 ADT" name="tearDownClass" finished-at="2025-04-20T11:01:16 ADT" duration-ms="84" status="PASS">
          <reporter-output>
          </reporter-output>
        </test-method> <!-- tearDownClass -->
      </class> <!-- testRunner.CucumberTestRunnerWithTags -->
    </test> <!-- Default test -->
  </suite> <!-- Default suite -->
</testng-results>
